<?xml version="1.0" encoding="UTF-8"?>

<mule xmlns:http="http://www.mulesoft.org/schema/mule/http" xmlns="http://www.mulesoft.org/schema/mule/core"
	xmlns:doc="http://www.mulesoft.org/schema/mule/documentation"
	xmlns:xsi="http://www.w3.org/2001/XMLSchema-instance" xsi:schemaLocation="http://www.mulesoft.org/schema/mule/core http://www.mulesoft.org/schema/mule/core/current/mule.xsd
http://www.mulesoft.org/schema/mule/http http://www.mulesoft.org/schema/mule/http/current/mule-http.xsd">
	<http:listener-config name="HTTP_Listener_config" doc:name="HTTP Listener config" doc:id="6e4c67b2-d26c-449b-905a-bb7c620b4660" >
		<http:listener-connection host="0.0.0.0" port="8081" />
	</http:listener-config>
	<flow name="Hello" doc:id="07ffecf2-8eca-42ec-81c7-a958205683b5" >
		<http:listener doc:name="Hello" doc:id="2fa64ae4-6f0b-4118-a053-76d7f09aac1f" path="hello" allowedMethods="GET" config-ref="HTTP_Listener_config"/>
		<set-payload value="Hello World" doc:name="Set Payload" doc:id="6b987cdb-0d9e-43ed-875a-e269c277a6c2" />
	</flow>
</mule>
